{"stats":{"suites":1,"tests":4,"testsRegistered":4,"passes":3,"pending":0,"failures":1,"start":"2025-04-20T11:50:24.969Z","end":"2025-04-20T11:50:24.974Z","duration":5,"passPercent":75,"pendingPercent":0,"other":0,"hasOther":false,"skipped":0,"hasSkipped":false},"results":[{"title":"Vehicle tests","suites":[],"tests":[{"title":"Vehicle tests > should describe the vehicles correctly","fullTitle":"Vehicle tests should describe the vehicles correctly","timedOut":false,"duration":1,"pass":true,"fail":false,"pending":false,"code":"","uuid":"9d6efa9d-4273-4d3b-8b5c-c29e740d6bbf","parentUUID":"be9f1962-18c6-4be6-a0ec-43c230bba530","skipped":false,"isHook":false,"err":{}},{"title":"Vehicle tests > should get movement descriptions correctly","fullTitle":"Vehicle tests should get movement descriptions correctly","timedOut":false,"duration":0,"pass":true,"fail":false,"pending":false,"code":"","uuid":"39c40699-14f5-4340-9463-33209d33c44f","parentUUID":"be9f1962-18c6-4be6-a0ec-43c230bba530","skipped":false,"isHook":false,"err":{}},{"title":"Vehicle tests > should return vehicle info correctly","fullTitle":"Vehicle tests should return vehicle info correctly","timedOut":false,"duration":1,"pass":false,"fail":true,"pending":false,"code":"","uuid":"487b94c4-b84c-4827-8f0a-50a9b12befe9","parentUUID":"be9f1962-18c6-4be6-a0ec-43c230bba530","skipped":false,"isHook":false,"err":{"message":"Test failed (click to view stacktrace)","estack":"assert.deepStrictEqual(received, expected)\n\nExpected value to deeply and strictly equal to:\n  {\"description\": \"This is a vehicle: Mini Cooper\", \"movement\": \"Mini Cooper moves using gasoline.\", \"name\": \"Mini Cooper One\"}\nReceived:\n  {\"description\": \"This is a vehicle: Mini Cooper\", \"movement\": \"Mini Cooper moves using gasoline.\", \"name\": \"Mini Cooper\"}\n\nMessage:\n  expected { name: 'Mini Cooper', …(2) } to deeply equal { name: 'Mini Cooper One', …(2) }\n\nDifference:\n\n- Expected\n+ Received\n\n  Object {\n    \"description\": \"This is a vehicle: Mini Cooper\",\n    \"movement\": \"Mini Cooper moves using gasoline.\",\n-   \"name\": \"Mini Cooper One\",\n+   \"name\": \"Mini Cooper\",\n  }\n    at Object.<anonymous> (C:\\Users\\dudar\\OneDrive\\Desktop\\AQA_Courses\\lesson10-jest\\test\\jest-test-for-oop.spec.ts:34:36)\n    at Promise.then.completed (C:\\Users\\dudar\\OneDrive\\Desktop\\AQA_Courses\\lesson10-jest\\node_modules\\jest-circus\\build\\utils.js:298:28)\n    at new Promise (<anonymous>)\n    at callAsyncCircusFn (C:\\Users\\dudar\\OneDrive\\Desktop\\AQA_Courses\\lesson10-jest\\node_modules\\jest-circus\\build\\utils.js:231:10)\n    at _callCircusTest (C:\\Users\\dudar\\OneDrive\\Desktop\\AQA_Courses\\lesson10-jest\\node_modules\\jest-circus\\build\\run.js:316:40)\n    at processTicksAndRejections (node:internal/process/task_queues:105:5)\n    at async _runTest (C:\\Users\\dudar\\OneDrive\\Desktop\\AQA_Courses\\lesson10-jest\\node_modules\\jest-circus\\build\\run.js:252:3)\n    at async _runTestsForDescribeBlock (C:\\Users\\dudar\\OneDrive\\Desktop\\AQA_Courses\\lesson10-jest\\node_modules\\jest-circus\\build\\run.js:126:9)\n    at async _runTestsForDescribeBlock (C:\\Users\\dudar\\OneDrive\\Desktop\\AQA_Courses\\lesson10-jest\\node_modules\\jest-circus\\build\\run.js:121:9)\n    at async run (C:\\Users\\dudar\\OneDrive\\Desktop\\AQA_Courses\\lesson10-jest\\node_modules\\jest-circus\\build\\run.js:71:3)\n    at async runAndTransformResultsToJestFormat (C:\\Users\\dudar\\OneDrive\\Desktop\\AQA_Courses\\lesson10-jest\\node_modules\\jest-circus\\build\\legacy-code-todo-rewrite\\jestAdapterInit.js:122:21)\n    at async jestAdapter (C:\\Users\\dudar\\OneDrive\\Desktop\\AQA_Courses\\lesson10-jest\\node_modules\\jest-circus\\build\\legacy-code-todo-rewrite\\jestAdapter.js:79:19)\n    at async runTestInternal (C:\\Users\\dudar\\OneDrive\\Desktop\\AQA_Courses\\lesson10-jest\\node_modules\\jest-runner\\build\\runTest.js:367:16)\n    at async runTest (C:\\Users\\dudar\\OneDrive\\Desktop\\AQA_Courses\\lesson10-jest\\node_modules\\jest-runner\\build\\runTest.js:444:34)"}},{"title":"Vehicle tests > should refuel and charge hybrid car correctly","fullTitle":"Vehicle tests should refuel and charge hybrid car correctly","timedOut":false,"duration":3,"pass":true,"fail":false,"pending":false,"code":"","uuid":"6878de0e-94ae-43bd-b7eb-d37c4d0e2b9d","parentUUID":"be9f1962-18c6-4be6-a0ec-43c230bba530","skipped":false,"isHook":false,"err":{}}],"pending":[],"root":false,"uuid":"be9f1962-18c6-4be6-a0ec-43c230bba530","_timeout":5000,"fullFile":"C:\\Users\\dudar\\OneDrive\\Desktop\\AQA_Courses\\lesson10-jest\\test\\jest-test-for-oop.spec.ts","file":"C:\\Users\\dudar\\OneDrive\\Desktop\\AQA_Courses\\lesson10-jest\\test\\jest-test-for-oop.spec.ts","beforeHooks":[],"afterHooks":[],"passes":["9d6efa9d-4273-4d3b-8b5c-c29e740d6bbf","39c40699-14f5-4340-9463-33209d33c44f","6878de0e-94ae-43bd-b7eb-d37c4d0e2b9d"],"failures":["487b94c4-b84c-4827-8f0a-50a9b12befe9"],"skipped":[],"duration":882}]}